Added Component: Designator=*1(DIP_16)
Added Component: Designator=*2(DIP_16)
Added Component: Designator=*3(DIP_16)
Added Component: Designator=B1(BUTTON_TH)
Added Component: Designator=B2(BUTTON_TH)
Added Component: Designator=B3(BUTTON_TH)
Added Component: Designator=B4(BUTTON_TH)
Added Component: Designator=B5(BUTTON_TH)
Added Component: Designator=C1(Capacitor_Polar_TH_6.3*11MM)
Added Component: Designator=C2(Capacitor_Polar_TH_6.3*11MM)
Added Component: Designator=C3(Capacitor_Polar_TH_6.3*11MM)
Added Component: Designator=C4(Capacitor_Polar_TH_6.3*11MM)
Added Component: Designator=D1(LED_Green_TH_5mm)
Added Component: Designator=D2(5621BS)
Added Component: Designator=D3(5621BS)
Added Component: Designator=D4(5621BS)
Added Component: Designator=D5(LED_Red_TH_5mm)
Added Component: Designator=D6(LED_Red_TH_5mm)
Added Component: Designator=D7(LED_Red_TH_5mm)
Added Component: Designator=D8(LED_Red_TH_5mm)
Added Component: Designator=D9(LED_Green_TH_5mm)
Added Component: Designator=D10(LED_Green_TH_5mm)
Added Component: Designator=D11(LED_Green_TH_5mm)
Added Component: Designator=J1(domino_2_pin)
Added Component: Designator=Q1(Transistor_to-92)
Added Component: Designator=Q2(Transistor_to-92)
Added Component: Designator=Q3(Transistor_to-92)
Added Component: Designator=Q4(Transistor_to-92)
Added Component: Designator=Q5(Transistor_to-92)
Added Component: Designator=Q6(Transistor_to-92)
Added Component: Designator=R1(Resistor_TH_1/4W)
Added Component: Designator=R2(Resistor_TH_1/4W)
Added Component: Designator=R3(Resistor_TH_1/4W)
Added Component: Designator=R4(Resistor_TH_1/4W)
Added Component: Designator=R5(Resistor_TH_1/4W)
Added Component: Designator=R6(Resistor_TH_1/4W)
Added Component: Designator=R7(Resistor_TH_1/4W)
Added Component: Designator=R8(Resistor_TH_1/4W)
Added Component: Designator=R9(Resistor_TH_1/4W)
Added Component: Designator=R10(Resistor_TH_1/4W)
Added Component: Designator=R11(Resistor_TH_1/4W)
Added Component: Designator=R12(Resistor_TH_1/4W)
Added Component: Designator=R13(Resistor_TH_1/4W)
Added Component: Designator=R14(Resistor_TH_1/4W)
Added Component: Designator=R15(Resistor_TH_1/4W)
Added Component: Designator=R16(Resistor_TH_1/4W)
Added Component: Designator=R17(Resistor_TH_1/4W)
Added Component: Designator=R18(Resistor_TH_1/4W)
Added Component: Designator=R19(Resistor_TH_1/4W)
Added Component: Designator=R20(Resistor_TH_1/4W)
Added Component: Designator=R21(Resistor_TH_1/4W)
Added Component: Designator=R22(Resistor_TH_1/4W)
Added Component: Designator=R23(Resistor_TH_1/4W)
Added Component: Designator=R24(Resistor_TH_1/4W)
Added Component: Designator=R25(Resistor_TH_1/4W)
Added Component: Designator=R26(Resistor_TH_1/4W)
Added Component: Designator=U1(LM7805)
Added Component: Designator=U2(STM32F103C8T6_BluePill)
Added Pin To Net: NetName=12V Pin=C1-1
Added Pin To Net: NetName=12V Pin=C2-1
Added Pin To Net: NetName=12V Pin=J1-1
Added Pin To Net: NetName=12V Pin=U1-1
Added Net: Name=12V
Added Pin To Net: NetName=B1 Pin=Q1-3
Added Pin To Net: NetName=B1 Pin=U2-29
Added Net: Name=B1
Added Pin To Net: NetName=B2 Pin=Q2-3
Added Pin To Net: NetName=B2 Pin=U2-30
Added Net: Name=B2
Added Pin To Net: NetName=B3 Pin=Q3-3
Added Pin To Net: NetName=B3 Pin=U2-6
Added Net: Name=B3
Added Pin To Net: NetName=B4 Pin=Q4-3
Added Pin To Net: NetName=B4 Pin=U2-7
Added Net: Name=B4
Added Pin To Net: NetName=B5 Pin=Q5-3
Added Pin To Net: NetName=B5 Pin=U2-33
Added Net: Name=B5
Added Pin To Net: NetName=B6 Pin=Q6-3
Added Pin To Net: NetName=B6 Pin=U2-34
Added Net: Name=B6
Added Pin To Net: NetName=BUTTON1 Pin=B1-2
Added Pin To Net: NetName=BUTTON1 Pin=U2-11
Added Net: Name=BUTTON1
Added Pin To Net: NetName=BUTTON2 Pin=B2-2
Added Pin To Net: NetName=BUTTON2 Pin=U2-12
Added Net: Name=BUTTON2
Added Pin To Net: NetName=BUTTON3 Pin=B3-2
Added Pin To Net: NetName=BUTTON3 Pin=U2-13
Added Net: Name=BUTTON3
Added Pin To Net: NetName=BUTTON4 Pin=B4-2
Added Pin To Net: NetName=BUTTON4 Pin=U2-17
Added Net: Name=BUTTON4
Added Pin To Net: NetName=BUTTON5 Pin=B5-2
Added Pin To Net: NetName=BUTTON5 Pin=U2-35
Added Net: Name=BUTTON5
Added Pin To Net: NetName=C1 Pin=D2-8
Added Pin To Net: NetName=C1 Pin=Q1-1
Added Net: Name=C1
Added Pin To Net: NetName=C2 Pin=D2-7
Added Pin To Net: NetName=C2 Pin=Q2-1
Added Net: Name=C2
Added Pin To Net: NetName=C3 Pin=D3-8
Added Pin To Net: NetName=C3 Pin=Q3-1
Added Net: Name=C3
Added Pin To Net: NetName=C4 Pin=D3-7
Added Pin To Net: NetName=C4 Pin=Q4-1
Added Net: Name=C4
Added Pin To Net: NetName=C5 Pin=D4-8
Added Pin To Net: NetName=C5 Pin=Q5-1
Added Net: Name=C5
Added Pin To Net: NetName=C6 Pin=D4-7
Added Pin To Net: NetName=C6 Pin=Q6-1
Added Net: Name=C6
Added Pin To Net: NetName=CLK1 Pin=*1-14
Added Pin To Net: NetName=CLK1 Pin=U2-26
Added Net: Name=CLK1
Added Pin To Net: NetName=CLK2 Pin=*2-14
Added Pin To Net: NetName=CLK2 Pin=U2-31
Added Net: Name=CLK2
Added Pin To Net: NetName=CLK3 Pin=*3-14
Added Pin To Net: NetName=CLK3 Pin=U2-8
Added Net: Name=CLK3
Added Pin To Net: NetName=DATA1 Pin=*1-11
Added Pin To Net: NetName=DATA1 Pin=U2-28
Added Net: Name=DATA1
Added Pin To Net: NetName=DATA2 Pin=*2-11
Added Pin To Net: NetName=DATA2 Pin=U2-5
Added Net: Name=DATA2
Added Pin To Net: NetName=DATA3 Pin=*3-11
Added Pin To Net: NetName=DATA3 Pin=U2-10
Added Net: Name=DATA3
Added Pin To Net: NetName=GND Pin=*1-8
Added Pin To Net: NetName=GND Pin=*1-13
Added Pin To Net: NetName=GND Pin=*2-8
Added Pin To Net: NetName=GND Pin=*2-13
Added Pin To Net: NetName=GND Pin=*3-8
Added Pin To Net: NetName=GND Pin=*3-13
Added Pin To Net: NetName=GND Pin=B1-1
Added Pin To Net: NetName=GND Pin=B3-1
Added Pin To Net: NetName=GND Pin=B4-1
Added Pin To Net: NetName=GND Pin=B5-1
Added Pin To Net: NetName=GND Pin=C1-2
Added Pin To Net: NetName=GND Pin=C2-2
Added Pin To Net: NetName=GND Pin=C3-2
Added Pin To Net: NetName=GND Pin=C4-2
Added Pin To Net: NetName=GND Pin=D1-2
Added Pin To Net: NetName=GND Pin=D5-2
Added Pin To Net: NetName=GND Pin=D6-2
Added Pin To Net: NetName=GND Pin=D7-2
Added Pin To Net: NetName=GND Pin=D8-2
Added Pin To Net: NetName=GND Pin=D9-2
Added Pin To Net: NetName=GND Pin=D10-2
Added Pin To Net: NetName=GND Pin=D11-2
Added Pin To Net: NetName=GND Pin=J1-2
Added Pin To Net: NetName=GND Pin=U1-2
Added Net: Name=GND
Added Pin To Net: NetName=LAT1 Pin=*1-12
Added Pin To Net: NetName=LAT1 Pin=U2-27
Added Net: Name=LAT1
Added Pin To Net: NetName=LAT2 Pin=*2-12
Added Pin To Net: NetName=LAT2 Pin=U2-32
Added Net: Name=LAT2
Added Pin To Net: NetName=LAT3 Pin=*3-12
Added Pin To Net: NetName=LAT3 Pin=U2-9
Added Net: Name=LAT3
Added Pin To Net: NetName=LED1 Pin=D9-1
Added Pin To Net: NetName=LED1 Pin=U2-14
Added Net: Name=LED1
Added Pin To Net: NetName=LED2 Pin=D10-1
Added Pin To Net: NetName=LED2 Pin=U2-15
Added Net: Name=LED2
Added Pin To Net: NetName=LED3 Pin=D11-1
Added Pin To Net: NetName=LED3 Pin=U2-16
Added Net: Name=LED3
Added Pin To Net: NetName=LED4 Pin=D1-1
Added Pin To Net: NetName=LED4 Pin=U2-36
Added Net: Name=LED4
Added Pin To Net: NetName=Net*1_1 Pin=*1-1
Added Pin To Net: NetName=Net*1_1 Pin=R4-2
Added Net: Name=Net*1_1
Added Pin To Net: NetName=Net*1_2 Pin=*1-2
Added Pin To Net: NetName=Net*1_2 Pin=R5-2
Added Net: Name=Net*1_2
Added Pin To Net: NetName=Net*1_3 Pin=*1-3
Added Pin To Net: NetName=Net*1_3 Pin=R6-2
Added Net: Name=Net*1_3
Added Pin To Net: NetName=Net*1_4 Pin=*1-4
Added Pin To Net: NetName=Net*1_4 Pin=R7-2
Added Net: Name=Net*1_4
Added Pin To Net: NetName=Net*1_5 Pin=*1-5
Added Pin To Net: NetName=Net*1_5 Pin=R8-2
Added Net: Name=Net*1_5
Added Pin To Net: NetName=Net*1_6 Pin=*1-6
Added Pin To Net: NetName=Net*1_6 Pin=R9-2
Added Net: Name=Net*1_6
Added Pin To Net: NetName=Net*1_7 Pin=*1-7
Added Pin To Net: NetName=Net*1_7 Pin=R10-2
Added Net: Name=Net*1_7
Added Pin To Net: NetName=Net*1_15 Pin=*1-15
Added Pin To Net: NetName=Net*1_15 Pin=R3-2
Added Net: Name=Net*1_15
Added Pin To Net: NetName=Net*2_1 Pin=*2-1
Added Pin To Net: NetName=Net*2_1 Pin=R12-2
Added Net: Name=Net*2_1
Added Pin To Net: NetName=Net*2_2 Pin=*2-2
Added Pin To Net: NetName=Net*2_2 Pin=R13-2
Added Net: Name=Net*2_2
Added Pin To Net: NetName=Net*2_3 Pin=*2-3
Added Pin To Net: NetName=Net*2_3 Pin=R14-2
Added Net: Name=Net*2_3
Added Pin To Net: NetName=Net*2_4 Pin=*2-4
Added Pin To Net: NetName=Net*2_4 Pin=R15-2
Added Net: Name=Net*2_4
Added Pin To Net: NetName=Net*2_5 Pin=*2-5
Added Pin To Net: NetName=Net*2_5 Pin=R16-2
Added Net: Name=Net*2_5
Added Pin To Net: NetName=Net*2_6 Pin=*2-6
Added Pin To Net: NetName=Net*2_6 Pin=R17-2
Added Net: Name=Net*2_6
Added Pin To Net: NetName=Net*2_7 Pin=*2-7
Added Pin To Net: NetName=Net*2_7 Pin=R18-2
Added Net: Name=Net*2_7
Added Pin To Net: NetName=Net*2_15 Pin=*2-15
Added Pin To Net: NetName=Net*2_15 Pin=R11-2
Added Net: Name=Net*2_15
Added Pin To Net: NetName=Net*3_1 Pin=*3-1
Added Pin To Net: NetName=Net*3_1 Pin=R20-2
Added Net: Name=Net*3_1
Added Pin To Net: NetName=Net*3_2 Pin=*3-2
Added Pin To Net: NetName=Net*3_2 Pin=R21-2
Added Net: Name=Net*3_2
Added Pin To Net: NetName=Net*3_3 Pin=*3-3
Added Pin To Net: NetName=Net*3_3 Pin=R22-2
Added Net: Name=Net*3_3
Added Pin To Net: NetName=Net*3_4 Pin=*3-4
Added Pin To Net: NetName=Net*3_4 Pin=R23-2
Added Net: Name=Net*3_4
Added Pin To Net: NetName=Net*3_5 Pin=*3-5
Added Pin To Net: NetName=Net*3_5 Pin=R24-2
Added Net: Name=Net*3_5
Added Pin To Net: NetName=Net*3_6 Pin=*3-6
Added Pin To Net: NetName=Net*3_6 Pin=R25-2
Added Net: Name=Net*3_6
Added Pin To Net: NetName=Net*3_7 Pin=*3-7
Added Pin To Net: NetName=Net*3_7 Pin=R26-2
Added Net: Name=Net*3_7
Added Pin To Net: NetName=Net*3_15 Pin=*3-15
Added Pin To Net: NetName=Net*3_15 Pin=R19-2
Added Net: Name=Net*3_15
Added Pin To Net: NetName=NetD2_1 Pin=D2-1
Added Pin To Net: NetName=NetD2_1 Pin=R5-1
Added Net: Name=NetD2_1
Added Pin To Net: NetName=NetD2_2 Pin=D2-2
Added Pin To Net: NetName=NetD2_2 Pin=R10-1
Added Net: Name=NetD2_2
Added Pin To Net: NetName=NetD2_3 Pin=D2-3
Added Pin To Net: NetName=NetD2_3 Pin=R7-1
Added Net: Name=NetD2_3
Added Pin To Net: NetName=NetD2_4 Pin=D2-4
Added Pin To Net: NetName=NetD2_4 Pin=R6-1
Added Net: Name=NetD2_4
Added Pin To Net: NetName=NetD2_5 Pin=D2-5
Added Pin To Net: NetName=NetD2_5 Pin=R9-1
Added Net: Name=NetD2_5
Added Pin To Net: NetName=NetD2_6 Pin=D2-6
Added Pin To Net: NetName=NetD2_6 Pin=R8-1
Added Net: Name=NetD2_6
Added Pin To Net: NetName=NetD2_9 Pin=D2-9
Added Pin To Net: NetName=NetD2_9 Pin=R4-1
Added Net: Name=NetD2_9
Added Pin To Net: NetName=NetD2_10 Pin=D2-10
Added Pin To Net: NetName=NetD2_10 Pin=R3-1
Added Net: Name=NetD2_10
Added Pin To Net: NetName=NetD3_1 Pin=D3-1
Added Pin To Net: NetName=NetD3_1 Pin=R13-1
Added Net: Name=NetD3_1
Added Pin To Net: NetName=NetD3_2 Pin=D3-2
Added Pin To Net: NetName=NetD3_2 Pin=R18-1
Added Net: Name=NetD3_2
Added Pin To Net: NetName=NetD3_3 Pin=D3-3
Added Pin To Net: NetName=NetD3_3 Pin=R15-1
Added Net: Name=NetD3_3
Added Pin To Net: NetName=NetD3_4 Pin=D3-4
Added Pin To Net: NetName=NetD3_4 Pin=R14-1
Added Net: Name=NetD3_4
Added Pin To Net: NetName=NetD3_5 Pin=D3-5
Added Pin To Net: NetName=NetD3_5 Pin=R17-1
Added Net: Name=NetD3_5
Added Pin To Net: NetName=NetD3_6 Pin=D3-6
Added Pin To Net: NetName=NetD3_6 Pin=R16-1
Added Net: Name=NetD3_6
Added Pin To Net: NetName=NetD3_9 Pin=D3-9
Added Pin To Net: NetName=NetD3_9 Pin=R12-1
Added Net: Name=NetD3_9
Added Pin To Net: NetName=NetD3_10 Pin=D3-10
Added Pin To Net: NetName=NetD3_10 Pin=R11-1
Added Net: Name=NetD3_10
Added Pin To Net: NetName=NetD4_1 Pin=D4-1
Added Pin To Net: NetName=NetD4_1 Pin=R21-1
Added Net: Name=NetD4_1
Added Pin To Net: NetName=NetD4_2 Pin=D4-2
Added Pin To Net: NetName=NetD4_2 Pin=R26-1
Added Net: Name=NetD4_2
Added Pin To Net: NetName=NetD4_3 Pin=D4-3
Added Pin To Net: NetName=NetD4_3 Pin=R23-1
Added Net: Name=NetD4_3
Added Pin To Net: NetName=NetD4_4 Pin=D4-4
Added Pin To Net: NetName=NetD4_4 Pin=R22-1
Added Net: Name=NetD4_4
Added Pin To Net: NetName=NetD4_5 Pin=D4-5
Added Pin To Net: NetName=NetD4_5 Pin=R25-1
Added Net: Name=NetD4_5
Added Pin To Net: NetName=NetD4_6 Pin=D4-6
Added Pin To Net: NetName=NetD4_6 Pin=R24-1
Added Net: Name=NetD4_6
Added Pin To Net: NetName=NetD4_9 Pin=D4-9
Added Pin To Net: NetName=NetD4_9 Pin=R20-1
Added Net: Name=NetD4_9
Added Pin To Net: NetName=NetD4_10 Pin=D4-10
Added Pin To Net: NetName=NetD4_10 Pin=R19-1
Added Net: Name=NetD4_10
Added Pin To Net: NetName=NetD5_1 Pin=D5-1
Added Pin To Net: NetName=NetD5_1 Pin=D7-1
Added Pin To Net: NetName=NetD5_1 Pin=R1-1
Added Net: Name=NetD5_1
Added Pin To Net: NetName=NetD6_1 Pin=D6-1
Added Pin To Net: NetName=NetD6_1 Pin=D8-1
Added Pin To Net: NetName=NetD6_1 Pin=R2-1
Added Net: Name=NetD6_1
Added Pin To Net: NetName=VO Pin=*1-10
Added Pin To Net: NetName=VO Pin=*1-16
Added Pin To Net: NetName=VO Pin=*2-10
Added Pin To Net: NetName=VO Pin=*2-16
Added Pin To Net: NetName=VO Pin=*3-10
Added Pin To Net: NetName=VO Pin=*3-16
Added Pin To Net: NetName=VO Pin=C3-1
Added Pin To Net: NetName=VO Pin=C4-1
Added Pin To Net: NetName=VO Pin=Q1-2
Added Pin To Net: NetName=VO Pin=Q2-2
Added Pin To Net: NetName=VO Pin=Q3-2
Added Pin To Net: NetName=VO Pin=Q4-2
Added Pin To Net: NetName=VO Pin=Q5-2
Added Pin To Net: NetName=VO Pin=Q6-2
Added Pin To Net: NetName=VO Pin=R1-2
Added Pin To Net: NetName=VO Pin=R2-2
Added Pin To Net: NetName=VO Pin=U1-3
Added Net: Name=VO
Added Class: Name=Clock Segment
Added Room: Name=Clock Segment
